<?xml version="1.0" encoding="UTF-8"?>
<!-- Generated by org.testng.reporters.JUnitXMLReporter -->
<testsuite hostname="DESKTOP-VEIFJU2" ignored="1" name="Batch name" tests="11" failures="0" timestamp="03 Jul 2019 00:33:12 GMT" time="0.049" errors="0">
  <testcase name="moreTest" time="0.012" classname="moretests.MoreTest"/>
  <testcase name="doStuffWhileLoggedIn" time="0.002" classname="tests.Dependencies"/>
  <testcase name="launchBrowser" time="0.001" classname="tests.Dependencies"/>
  <testcase name="login" time="0.0" classname="tests.Dependencies"/>
  <testcase name="logout" time="0.0" classname="tests.Dependencies"/>
  <testcase name="doStuff" time="0.001" classname="tests.Login"/>
  <testcase name="login" time="0.001" classname="tests.Login"/>
  <testcase name="logout" time="0.001" classname="tests.Login"/>
  <testcase name="openBrowser" time="0.0" classname="tests.Priorities"/>
  <testcase name="updateUserInfo" time="0.001" classname="tests.Priorities"/>
  <testcase name="logout" time="0.0" classname="tests.Priorities"/>
  <testcase name="login" time="0.0" classname="tests.Priorities">
    <ignored/>
  </testcase> <!-- login -->
</testsuite> <!-- Batch name -->
