<?xml version="1.0" encoding="UTF-8"?>
<!-- Generated by org.testng.reporters.JUnitXMLReporter -->
<testsuite hostname="DESKTOP-VEIFJU2" ignored="0" name="Multiple Class" tests="6" failures="0" timestamp="03 Jul 2019 01:33:48 GMT" time="0.044" errors="0">
  <testcase name="openBrowser" time="0.007" classname="tests.Priorities"/>
  <testcase name="doStuffWhileLoggedIn" time="0.002" classname="tests.Dependencies"/>
  <testcase name="launchBrowser" time="0.003" classname="tests.Dependencies"/>
  <testcase name="login" time="0.001" classname="tests.Dependencies"/>
  <testcase name="logout" time="0.0" classname="tests.Dependencies"/>
  <testcase name="moreTest" time="0.001" classname="moretests.MoreTest"/>
</testsuite> <!-- Multiple Class -->
