<?xml version="1.0" encoding="UTF-8"?>
<!-- Generated by org.testng.reporters.JUnitXMLReporter -->
<testsuite hostname="DESKTOP-VEIFJU2" ignored="2" name="Include method" tests="1" failures="0" timestamp="03 Jul 2019 01:27:03 GMT" time="0.028" errors="0">
  <testcase name="doStuff" time="0.009" classname="tests.Login"/>
  <testcase name="logout" time="0.0" classname="tests.Login">
    <ignored/>
  </testcase> <!-- logout -->
  <testcase name="login" time="0.0" classname="tests.Login">
    <ignored/>
  </testcase> <!-- login -->
</testsuite> <!-- Include method -->
