<?xml version="1.0" encoding="UTF-8"?>
<!-- Generated by org.testng.reporters.JUnitXMLReporter -->
<testsuite hostname="DESKTOP-VEIFJU2" ignored="0" name="Default test" tests="4" failures="0" timestamp="03 Jul 2019 00:02:50 GMT" time="0.038" errors="0">
  <testcase name="launchBrowser" time="0.009" classname="tests.Dependencies"/>
  <testcase name="login" time="0.001" classname="tests.Dependencies"/>
  <testcase name="doStuffWhileLoggedIn" time="0.001" classname="tests.Dependencies"/>
  <testcase name="logout" time="0.001" classname="tests.Dependencies"/>
</testsuite> <!-- Default test -->
