<?xml version="1.0" encoding="UTF-8"?>
<!-- Generated by org.testng.reporters.JUnitXMLReporter -->
<testsuite hostname="DESKTOP-VEIFJU2" ignored="1" name="Single Class" tests="3" failures="0" timestamp="03 Jul 2019 00:37:04 GMT" time="0.03" errors="0">
  <testcase name="openBrowser" time="0.007" classname="tests.Priorities"/>
  <testcase name="updateUserInfo" time="0.001" classname="tests.Priorities"/>
  <testcase name="logout" time="0.001" classname="tests.Priorities"/>
  <testcase name="login" time="0.0" classname="tests.Priorities">
    <ignored/>
  </testcase> <!-- login -->
</testsuite> <!-- Single Class -->
